# JRE version: OpenJDK Runtime Environment (17.0.11) (build 17.0.11+0--11852314)
# Java VM: OpenJDK 64-Bit Server VM (17.0.11+0--11852314, mixed mode, tiered, compressed oops, compressed class ptrs, g1 gc, windows-amd64)
GC Precious Log:
 CPUs: 12 total, 12 available
 Memory: 16106M
 Large Page Support: Disabled
 NUMA Support: Disabled
 Compressed Oops: Enabled (32-bit)
 Heap Region Size: 1M
 Heap Min Capacity: 8M
 Heap Initial Capacity: 252M
 Heap Max Capacity: 2G
 Pre-touch: Disabled
 Parallel Workers: 10
 Concurrent Workers: 3
 Concurrent Refinement Workers: 10
 Periodic GC: Disabled
Heap:
 garbage-first heap   total 424960K, used 257489K [0x0000000080000000, 0x0000000100000000)
  region size 1024K, 15 young (15360K), 15 survivors (15360K)
 Metaspace       used 135899K, committed 137024K, reserved 1179648K
  class space    used 18803K, committed 19328K, reserved 1048576K
GC Heap History (20 events):
Event: 11.817 GC heap after
{Heap after GC invocations=40 (full 0):
 garbage-first heap   total 424960K, used 121698K [0x0000000080000000, 0x0000000100000000)
  region size 1024K, 9 young (9216K), 9 survivors (9216K)
 Metaspace       used 110230K, committed 111104K, reserved 1179648K
  class space    used 15066K, committed 15488K, reserved 1048576K
}
Event: 13.105 GC heap before
{Heap before GC invocations=40 (full 0):
 garbage-first heap   total 424960K, used 367458K [0x0000000080000000, 0x0000000100000000)
  region size 1024K, 205 young (209920K), 9 survivors (9216K)
 Metaspace       used 115147K, committed 116096K, reserved 1179648K
  class space    used 15566K, committed 16000K, reserved 1048576K
}
Event: 13.123 GC heap after
{Heap after GC invocations=41 (full 0):
 garbage-first heap   total 424960K, used 156984K [0x0000000080000000, 0x0000000100000000)
  region size 1024K, 28 young (28672K), 28 survivors (28672K)
 Metaspace       used 115147K, committed 116096K, reserved 1179648K
  class space    used 15566K, committed 16000K, reserved 1048576K
}
Event: 13.828 GC heap before
{Heap before GC invocations=42 (full 0):
 garbage-first heap   total 424960K, used 311608K [0x0000000080000000, 0x0000000100000000)
  region size 1024K, 181 young (185344K), 28 survivors (28672K)
 Metaspace       used 119009K, committed 119872K, reserved 1179648K
  class space    used 15931K, committed 16320K, reserved 1048576K
}
Event: 13.837 GC heap after
{Heap after GC invocations=43 (full 0):
 garbage-first heap   total 424960K, used 152403K [0x0000000080000000, 0x0000000100000000)
  region size 1024K, 4 young (4096K), 4 survivors (4096K)
 Metaspace       used 119009K, committed 119872K, reserved 1179648K
  class space    used 15931K, committed 16320K, reserved 1048576K
}
Event: 13.869 GC heap before
{Heap before GC invocations=43 (full 0):
 garbage-first heap   total 424960K, used 167763K [0x0000000080000000, 0x0000000100000000)
  region size 1024K, 20 young (20480K), 4 survivors (4096K)
 Metaspace       used 119132K, committed 120064K, reserved 1179648K
  class space    used 15943K, committed 16384K, reserved 1048576K
}
Event: 13.873 GC heap after
{Heap after GC invocations=44 (full 0):
 garbage-first heap   total 424960K, used 151886K [0x0000000080000000, 0x0000000100000000)
  region size 1024K, 3 young (3072K), 3 survivors (3072K)
 Metaspace       used 119132K, committed 120064K, reserved 1179648K
  class space    used 15943K, committed 16384K, reserved 1048576K
}
Event: 15.076 GC heap before
{Heap before GC invocations=44 (full 0):
 garbage-first heap   total 424960K, used 317774K [0x0000000080000000, 0x0000000100000000)
  region size 1024K, 166 young (169984K), 3 survivors (3072K)
 Metaspace       used 121357K, committed 122240K, reserved 1179648K
  class space    used 16208K, committed 16640K, reserved 1048576K
}
Event: 15.084 GC heap after
{Heap after GC invocations=45 (full 0):
 garbage-first heap   total 424960K, used 159206K [0x0000000080000000, 0x0000000100000000)
  region size 1024K, 11 young (11264K), 11 survivors (11264K)
 Metaspace       used 121357K, committed 122240K, reserved 1179648K
  class space    used 16208K, committed 16640K, reserved 1048576K
}
Event: 16.272 GC heap before
{Heap before GC invocations=46 (full 0):
 garbage-first heap   total 424960K, used 340454K [0x0000000080000000, 0x0000000100000000)
  region size 1024K, 177 young (181248K), 11 survivors (11264K)
 Metaspace       used 122628K, committed 123584K, reserved 1179648K
  class space    used 16405K, committed 16832K, reserved 1048576K
}
Event: 16.298 GC heap after
{Heap after GC invocations=47 (full 0):
 garbage-first heap   total 424960K, used 173993K [0x0000000080000000, 0x0000000100000000)
  region size 1024K, 23 young (23552K), 23 survivors (23552K)
 Metaspace       used 122628K, committed 123584K, reserved 1179648K
  class space    used 16405K, committed 16832K, reserved 1048576K
}
Event: 16.299 GC heap before
{Heap before GC invocations=47 (full 0):
 garbage-first heap   total 424960K, used 175017K [0x0000000080000000, 0x0000000100000000)
  region size 1024K, 24 young (24576K), 23 survivors (23552K)
 Metaspace       used 122628K, committed 123584K, reserved 1179648K
  class space    used 16405K, committed 16832K, reserved 1048576K
}
Event: 16.308 GC heap after
{Heap after GC invocations=48 (full 0):
 garbage-first heap   total 424960K, used 167324K [0x0000000080000000, 0x0000000100000000)
  region size 1024K, 3 young (3072K), 3 survivors (3072K)
 Metaspace       used 122628K, committed 123584K, reserved 1179648K
  class space    used 16405K, committed 16832K, reserved 1048576K
}
Event: 16.838 GC heap before
{Heap before GC invocations=48 (full 0):
 garbage-first heap   total 424960K, used 325020K [0x0000000080000000, 0x0000000100000000)
  region size 1024K, 158 young (161792K), 3 survivors (3072K)
 Metaspace       used 128421K, committed 129408K, reserved 1179648K
  class space    used 17374K, committed 17856K, reserved 1048576K
}
Event: 16.853 GC heap after
{Heap after GC invocations=49 (full 0):
 garbage-first heap   total 424960K, used 192512K [0x0000000080000000, 0x0000000100000000)
  region size 1024K, 20 young (20480K), 20 survivors (20480K)
 Metaspace       used 128421K, committed 129408K, reserved 1179648K
  class space    used 17374K, committed 17856K, reserved 1048576K
}
Event: 17.055 GC heap before
{Heap before GC invocations=49 (full 0):
 garbage-first heap   total 424960K, used 330752K [0x0000000080000000, 0x0000000100000000)
  region size 1024K, 156 young (159744K), 20 survivors (20480K)
 Metaspace       used 131923K, committed 132864K, reserved 1179648K
  class space    used 17897K, committed 18368K, reserved 1048576K
}
Event: 17.076 GC heap after
{Heap after GC invocations=50 (full 0):
 garbage-first heap   total 424960K, used 215218K [0x0000000080000000, 0x0000000100000000)
  region size 1024K, 20 young (20480K), 20 survivors (20480K)
 Metaspace       used 131923K, committed 132864K, reserved 1179648K
  class space    used 17897K, committed 18368K, reserved 1048576K
}
Event: 17.198 GC heap before
{Heap before GC invocations=50 (full 0):
 garbage-first heap   total 424960K, used 332978K [0x0000000080000000, 0x0000000100000000)
  region size 1024K, 136 young (139264K), 20 survivors (20480K)
 Metaspace       used 134421K, committed 135424K, reserved 1179648K
  class space    used 18516K, committed 19008K, reserved 1048576K
}
Event: 17.224 GC heap after
{Heap after GC invocations=51 (full 0):
 garbage-first heap   total 424960K, used 239312K [0x0000000080000000, 0x0000000100000000)
  region size 1024K, 17 young (17408K), 17 survivors (17408K)
 Metaspace       used 134421K, committed 135424K, reserved 1179648K
  class space    used 18516K, committed 19008K, reserved 1048576K
}
Event: 17.343 GC heap before
{Heap before GC invocations=51 (full 0):
 garbage-first heap   total 424960K, used 337616K [0x0000000080000000, 0x0000000100000000)
  region size 1024K, 114 young (116736K), 17 survivors (17408K)
 Metaspace       used 135899K, committed 137024K, reserved 1179648K
  class space    used 18803K, committed 19328K, reserved 1048576K
}

